<?xml version="1.0" encoding="UTF-8"?>
<!-- Generated by org.testng.reporters.JUnitXMLReporter -->
<testsuite ignored="0" hostname="DESKTOP-JGP7MVT" failures="0" tests="4" name="Test" time="36.418" errors="0" timestamp="2023-03-02T12:41:38 IST">
  <testcase classname="Testcase.VerifyMul" name="mul" time="9.613"/>
  <testcase classname="Testcase.VerifySub" name="sub" time="8.175"/>
  <testcase classname="Testcase.VerifyAdd" name="add" time="7.946"/>
  <testcase classname="Testcase.VerifyDiv" name="div" time="10.558"/>
</testsuite> <!-- Test -->
