<?xml version="1.0" encoding="UTF-8"?>
<testng-results ignored="0" total="4" passed="4" failed="0" skipped="0">
  <reporter-output>
  </reporter-output>
  <suite started-at="2023-03-02T12:41:02 IST" name="Suite" finished-at="2023-03-02T12:41:38 IST" duration-ms="36418">
    <groups>
    </groups>
    <test started-at="2023-03-02T12:41:02 IST" name="Test" finished-at="2023-03-02T12:41:38 IST" duration-ms="36418">
      <class name="Testcase.VerifyMul">
        <test-method signature="mul()[pri:0, instance:Testcase.VerifyMul@6973b51b]" started-at="2023-03-02T12:41:02 IST" name="mul" finished-at="2023-03-02T12:41:11 IST" duration-ms="9613" status="PASS">
          <reporter-output>
          </reporter-output>
        </test-method> <!-- mul -->
      </class> <!-- Testcase.VerifyMul -->
      <class name="Testcase.VerifyAdd">
        <test-method signature="add()[pri:0, instance:Testcase.VerifyAdd@62150f9e]" started-at="2023-03-02T12:41:19 IST" name="add" finished-at="2023-03-02T12:41:27 IST" duration-ms="7946" status="PASS">
          <reporter-output>
          </reporter-output>
        </test-method> <!-- add -->
      </class> <!-- Testcase.VerifyAdd -->
      <class name="Testcase.VerifyDiv">
        <test-method signature="div()[pri:0, instance:Testcase.VerifyDiv@1a451d4d]" started-at="2023-03-02T12:41:27 IST" name="div" finished-at="2023-03-02T12:41:38 IST" duration-ms="10558" status="PASS">
          <reporter-output>
          </reporter-output>
        </test-method> <!-- div -->
      </class> <!-- Testcase.VerifyDiv -->
      <class name="Testcase.VerifySub">
        <test-method signature="sub()[pri:0, instance:Testcase.VerifySub@6c80d78a]" started-at="2023-03-02T12:41:11 IST" name="sub" finished-at="2023-03-02T12:41:19 IST" duration-ms="8175" status="PASS">
          <reporter-output>
          </reporter-output>
        </test-method> <!-- sub -->
      </class> <!-- Testcase.VerifySub -->
    </test> <!-- Test -->
  </suite> <!-- Suite -->
</testng-results>
